<?xml version="1.0" encoding="UTF-8"?>
<!-- Generated by org.testng.reporters.JUnitXMLReporter -->
<testsuite hostname="VAIO" name="Default test" tests="1" failures="0" timestamp="7 Feb 2018 14:43:47 GMT" time="0.073" errors="0">
  <testcase name="@BeforeClass configBeforeClass" time="0.0" classname="com.zoho.testscript.CreateLead">
    <failure type="org.testng.TestNGException" message="
Parameter &amp;apos;browser&amp;apos; is required by @Configuration on method configBeforeClass but has not been marked @Optional or defined
in C:\Users\SONYVAIO\AppData\Local\Temp\testng-eclipse-1249706073\testng-customsuite.xml">
      <![CDATA[org.testng.TestNGException: 
Parameter 'browser' is required by @Configuration on method configBeforeClass but has not been marked @Optional or defined
in C:\Users\SONYVAIO\AppData\Local\Temp\testng-eclipse-1249706073\testng-customsuite.xml
	at org.testng.internal.Parameters.createParameters(Parameters.java:154)
	at org.testng.internal.Parameters.createParameters(Parameters.java:361)
	at org.testng.internal.Parameters.createConfigurationParameters(Parameters.java:84)
	at org.testng.internal.Invoker.invokeConfigurations(Invoker.java:197)
	at org.testng.internal.Invoker.invokeConfigurations(Invoker.java:138)
	at org.testng.internal.TestMethodWorker.invokeBeforeClassMethods(TestMethodWorker.java:170)
	at org.testng.internal.TestMethodWorker.run(TestMethodWorker.java:104)
	at org.testng.TestRunner.privateRun(TestRunner.java:774)
	at org.testng.TestRunner.run(TestRunner.java:624)
	at org.testng.SuiteRunner.runTest(SuiteRunner.java:359)
	at org.testng.SuiteRunner.runSequentially(SuiteRunner.java:354)
	at org.testng.SuiteRunner.privateRun(SuiteRunner.java:312)
	at org.testng.SuiteRunner.run(SuiteRunner.java:261)
	at org.testng.SuiteRunnerWorker.runSuite(SuiteRunnerWorker.java:52)
	at org.testng.SuiteRunnerWorker.run(SuiteRunnerWorker.java:86)
	at org.testng.TestNG.runSuitesSequentially(TestNG.java:1215)
	at org.testng.TestNG.runSuitesLocally(TestNG.java:1140)
	at org.testng.TestNG.run(TestNG.java:1048)
	at org.testng.remote.AbstractRemoteTestNG.run(AbstractRemoteTestNG.java:114)
	at org.testng.remote.RemoteTestNG.initAndRun(RemoteTestNG.java:251)
	at org.testng.remote.RemoteTestNG.main(RemoteTestNG.java:77)
]]>
    </failure>
  </testcase> <!-- @BeforeClass configBeforeClass -->
  <testcase name="@BeforeMethod configBm" time="0.0" classname="com.zoho.testscript.CreateLead">
    <skipped/>
  </testcase> <!-- @BeforeMethod configBm -->
  <testcase name="@AfterMethod configAM" time="0.0" classname="com.zoho.testscript.CreateLead">
    <skipped/>
  </testcase> <!-- @AfterMethod configAM -->
  <testcase name="@AfterClass configAc" time="0.0" classname="com.zoho.testscript.CreateLead">
    <skipped/>
  </testcase> <!-- @AfterClass configAc -->
  <testcase name="createlead" time="0.003" classname="com.zoho.testscript.CreateLead">
    <skipped/>
  </testcase> <!-- createlead -->
</testsuite> <!-- Default test -->
